<?xml version="1.0" encoding="UTF-8"?>
<testsuite xmlns:xsi="http://www.w3.org/2001/XMLSchema-instance" xsi:noNamespaceSchemaLocation="https://maven.apache.org/surefire/maven-surefire-plugin/xsd/surefire-test-report.xsd" version="3.0.2" name="com.example.ProjectApplicationTests" time="18.214" tests="1" errors="0" skipped="0" failures="0">
  <properties>
[...]
</properties>
  <testcase name="contextLoads" classname="com.example.ProjectApplicationTests" time="0.993">
    <system-out><![CDATA[18:06:17.861 [main] INFO org.springframework.test.context.support.AnnotationConfigContextLoaderUtils -- Could not detect default configuration classes for test class [com.example.ProjectApplicationTests]: ProjectApplicationTests does not declare any static, non-private, non-final, nested classes annotated with @Configuration.
18:06:18.096 [main] INFO org.springframework.boot.test.context.SpringBootTestContextBootstrapper -- Found @SpringBootConfiguration com.example.ProjectApplication for test class com.example.ProjectApplicationTests
18:06:18.737 [main] INFO org.springframework.boot.devtools.restart.RestartApplicationListener -- Restart disabled due to context in which it is running

  .   ____          _            __ _ _
 /\\ / ___'_ __ _ _(_)_ __  __ _ \ \ \ \
( ( )\___ | '_ | '_| | '_ \/ _` | \ \ \ \
 \\/  ___)| |_)| | | | | || (_| |  ) ) ) )
  '  |____| .__|_| |_|_| |_\__, | / / / /
 =========|_|==============|___/=/_/_/_/

 :: Spring Boot ::                (v3.4.3)

2025-04-06T18:06:21.441+05:30  INFO 9384 --- [academic-manager] [           main] c.c.c.ConfigServicePropertySourceLocator : Fetching config from server at : http://Vulcan.mshome.net:8888/
2025-04-06T18:06:22.294+05:30  INFO 9384 --- [academic-manager] [           main] c.c.c.ConfigServicePropertySourceLocator : Located environment: name=academic-manager, profiles=[default], label=null, version=e700a8a3429c109c7a61670cd9e1a3777a1a0f16, state=
2025-04-06T18:06:22.298+05:30  INFO 9384 --- [academic-manager] [           main] b.c.PropertySourceBootstrapConfiguration : Located property source: [BootstrapPropertySource {name='bootstrapProperties-configClient'}, BootstrapPropertySource {name='bootstrapProperties-https://github.com/Tanmay-R-Choudhary/MSA-Project.git/Configs/academic-manager.properties'}]
2025-04-06T18:06:22.324+05:30  INFO 9384 --- [academic-manager] [           main] com.example.ProjectApplicationTests      : No active profile set, falling back to 1 default profile: "default"
2025-04-06T18:06:24.392+05:30  INFO 9384 --- [academic-manager] [           main] .s.d.r.c.RepositoryConfigurationDelegate : Bootstrapping Spring Data JPA repositories in DEFAULT mode.
2025-04-06T18:06:24.624+05:30  INFO 9384 --- [academic-manager] [           main] .s.d.r.c.RepositoryConfigurationDelegate : Finished Spring Data repository scanning in 217 ms. Found 2 JPA repository interfaces.
2025-04-06T18:06:24.938+05:30  INFO 9384 --- [academic-manager] [           main] o.s.cloud.context.scope.GenericScope     : BeanFactory id=760e9422-4314-3466-bfb3-1af61f4cc1cc
2025-04-06T18:06:25.649+05:30  INFO 9384 --- [academic-manager] [           main] o.hibernate.jpa.internal.util.LogHelper  : HHH000204: Processing PersistenceUnitInfo [name: default]
2025-04-06T18:06:25.722+05:30  INFO 9384 --- [academic-manager] [           main] org.hibernate.Version                    : HHH000412: Hibernate ORM core version 6.6.8.Final
2025-04-06T18:06:25.754+05:30  INFO 9384 --- [academic-manager] [           main] o.h.c.internal.RegionFactoryInitiator    : HHH000026: Second-level cache disabled
2025-04-06T18:06:26.016+05:30  INFO 9384 --- [academic-manager] [           main] o.s.o.j.p.SpringPersistenceUnitInfo      : No LoadTimeWeaver setup: ignoring JPA class transformer
2025-04-06T18:06:26.039+05:30  INFO 9384 --- [academic-manager] [           main] com.zaxxer.hikari.HikariDataSource       : HikariPool-1 - Starting...
2025-04-06T18:06:26.553+05:30  INFO 9384 --- [academic-manager] [           main] com.zaxxer.hikari.pool.HikariPool        : HikariPool-1 - Added connection com.mysql.cj.jdbc.ConnectionImpl@5f69462f
2025-04-06T18:06:26.562+05:30  INFO 9384 --- [academic-manager] [           main] com.zaxxer.hikari.HikariDataSource       : HikariPool-1 - Start completed.
2025-04-06T18:06:26.666+05:30  WARN 9384 --- [academic-manager] [           main] org.hibernate.orm.deprecation            : HHH90000025: MySQL8Dialect does not need to be specified explicitly using 'hibernate.dialect' (remove the property setting and it will be selected by default)
2025-04-06T18:06:26.670+05:30  WARN 9384 --- [academic-manager] [           main] org.hibernate.orm.deprecation            : HHH90000026: MySQL8Dialect has been deprecated; use org.hibernate.dialect.MySQLDialect instead
2025-04-06T18:06:26.763+05:30  INFO 9384 --- [academic-manager] [           main] org.hibernate.orm.connections.pooling    : HHH10001005: Database info:
	Database JDBC URL [Connecting through datasource 'HikariDataSource (HikariPool-1)']
	Database driver: undefined/unknown
	Database version: 8.0
	Autocommit mode: undefined/unknown
	Isolation level: undefined/unknown
	Minimum pool size: undefined/unknown
	Maximum pool size: undefined/unknown
2025-04-06T18:06:27.819+05:30  INFO 9384 --- [academic-manager] [           main] o.h.e.t.j.p.i.JtaPlatformInitiator       : HHH000489: No JTA platform available (set 'hibernate.transaction.jta.platform' to enable JTA platform integration)
2025-04-06T18:06:27.900+05:30  INFO 9384 --- [academic-manager] [           main] j.LocalContainerEntityManagerFactoryBean : Initialized JPA EntityManagerFactory for persistence unit 'default'
2025-04-06T18:06:30.456+05:30  WARN 9384 --- [academic-manager] [           main] JpaBaseConfiguration$JpaWebConfiguration : spring.jpa.open-in-view is enabled by default. Therefore, database queries may be performed during view rendering. Explicitly configure spring.jpa.open-in-view to disable this warning
2025-04-06T18:06:33.526+05:30  INFO 9384 --- [academic-manager] [           main] DiscoveryClientOptionalArgsConfiguration : Eureka HTTP Client uses RestTemplate.
2025-04-06T18:06:33.716+05:30  WARN 9384 --- [academic-manager] [           main] iguration$LoadBalancerCaffeineWarnLogger : Spring Cloud LoadBalancer is currently working with the default cache. While this cache implementation is useful for development and tests, it's recommended to use Caffeine cache in production.You can switch to using Caffeine cache, by adding it and org.springframework.cache.caffeine.CaffeineCacheManager to the classpath.
2025-04-06T18:06:33.786+05:30  INFO 9384 --- [academic-manager] [           main] o.s.b.a.e.web.EndpointLinksResolver      : Exposing 3 endpoints beneath base path '/actuator'
2025-04-06T18:06:34.060+05:30  INFO 9384 --- [academic-manager] [           main] o.s.c.n.eureka.InstanceInfoFactory       : Setting initial instance status as: STARTING
2025-04-06T18:06:34.129+05:30  INFO 9384 --- [academic-manager] [           main] com.netflix.discovery.DiscoveryClient    : Initializing Eureka in region us-east-1
2025-04-06T18:06:34.129+05:30  INFO 9384 --- [academic-manager] [           main] c.n.d.s.r.aws.ConfigClusterResolver      : Resolving eureka endpoints via configuration
2025-04-06T18:06:34.145+05:30  INFO 9384 --- [academic-manager] [           main] com.netflix.discovery.DiscoveryClient    : Disable delta property : false
2025-04-06T18:06:34.145+05:30  INFO 9384 --- [academic-manager] [           main] com.netflix.discovery.DiscoveryClient    : Single vip registry refresh property : null
2025-04-06T18:06:34.145+05:30  INFO 9384 --- [academic-manager] [           main] com.netflix.discovery.DiscoveryClient    : Force full registry fetch : false
2025-04-06T18:06:34.145+05:30  INFO 9384 --- [academic-manager] [           main] com.netflix.discovery.DiscoveryClient    : Application is null : false
2025-04-06T18:06:34.145+05:30  INFO 9384 --- [academic-manager] [           main] com.netflix.discovery.DiscoveryClient    : Registered Applications size is zero : true
2025-04-06T18:06:34.145+05:30  INFO 9384 --- [academic-manager] [           main] com.netflix.discovery.DiscoveryClient    : Application version is -1: true
2025-04-06T18:06:34.145+05:30  INFO 9384 --- [academic-manager] [           main] com.netflix.discovery.DiscoveryClient    : Getting all instance registry info from the eureka server
2025-04-06T18:06:34.304+05:30  INFO 9384 --- [academic-manager] [           main] com.netflix.discovery.DiscoveryClient    : The response status is 200
2025-04-06T18:06:34.316+05:30  INFO 9384 --- [academic-manager] [           main] com.netflix.discovery.DiscoveryClient    : Starting heartbeat executor: renew interval is: 30
2025-04-06T18:06:34.367+05:30  INFO 9384 --- [academic-manager] [           main] c.n.discovery.InstanceInfoReplicator     : InstanceInfoReplicator onDemand update allowed rate per min is 4
2025-04-06T18:06:34.374+05:30  INFO 9384 --- [academic-manager] [           main] com.netflix.discovery.DiscoveryClient    : Discovery Client initialized at timestamp 1743942994367 with initial instances count: 1
2025-04-06T18:06:34.398+05:30  INFO 9384 --- [academic-manager] [           main] o.s.c.n.e.s.EurekaServiceRegistry        : Registering application ACADEMIC-MANAGER with eureka with status UP
2025-04-06T18:06:34.400+05:30  INFO 9384 --- [academic-manager] [           main] com.netflix.discovery.DiscoveryClient    : Saw local status change event StatusChangeEvent [timestamp=1743942994400, current=UP, previous=STARTING]
2025-04-06T18:06:34.407+05:30  INFO 9384 --- [academic-manager] [foReplicator-%d] com.netflix.discovery.DiscoveryClient    : DiscoveryClient_ACADEMIC-MANAGER/Vulcan.mshome.net:academic-manager:8081: registering service...
2025-04-06T18:06:34.470+05:30  INFO 9384 --- [academic-manager] [           main] com.example.ProjectApplicationTests      : Started ProjectApplicationTests in 15.748 seconds (process running for 18.708)
2025-04-06T18:06:34.522+05:30  INFO 9384 --- [academic-manager] [foReplicator-%d] com.netflix.discovery.DiscoveryClient    : DiscoveryClient_ACADEMIC-MANAGER/Vulcan.mshome.net:academic-manager:8081 - registration status: 204
]]></system-out>
    <system-err><![CDATA[Mockito is currently self-attaching to enable the inline-mock-maker. This will no longer work in future releases of the JDK. Please add Mockito as an agent to your build what is described in Mockito's documentation: https://javadoc.io/doc/org.mockito/mockito-core/latest/org/mockito/Mockito.html#0.3
WARNING: A Java agent has been loaded dynamically (C:\Users\tanma\.m2\repository\net\bytebuddy\byte-buddy-agent\1.15.11\byte-buddy-agent-1.15.11.jar)
WARNING: If a serviceability tool is in use, please run with -XX:+EnableDynamicAgentLoading to hide this warning
WARNING: If a serviceability tool is not in use, please run with -Djdk.instrument.traceUsage for more information
WARNING: Dynamic loading of agents will be disallowed by default in a future release
]]></system-err>
  </testcase>
</testsuite>