<?xml version="1.0" encoding="UTF-8"?>
<testsuite xmlns:xsi="http://www.w3.org/2001/XMLSchema-instance" xsi:noNamespaceSchemaLocation="https://maven.apache.org/surefire/maven-surefire-plugin/xsd/surefire-test-report.xsd" version="3.0.2" name="com.example.notification_service.NotificationServiceApplicationTests" time="36.506" tests="1" errors="0" skipped="0" failures="0">
  <properties>
[...]
</properties>
  <testcase name="contextLoads" classname="com.example.notification_service.NotificationServiceApplicationTests" time="0.635">
    <system-out><![CDATA[19:12:24.965 [main] INFO org.springframework.test.context.support.AnnotationConfigContextLoaderUtils -- Could not detect default configuration classes for test class [com.example.notification_service.NotificationServiceApplicationTests]: NotificationServiceApplicationTests does not declare any static, non-private, non-final, nested classes annotated with @Configuration.
19:12:25.166 [main] INFO org.springframework.boot.test.context.SpringBootTestContextBootstrapper -- Found @SpringBootConfiguration com.example.notification_service.NotificationServiceApplication for test class com.example.notification_service.NotificationServiceApplicationTests

  .   ____          _            __ _ _
 /\\ / ___'_ __ _ _(_)_ __  __ _ \ \ \ \
( ( )\___ | '_ | '_| | '_ \/ _` | \ \ \ \
 \\/  ___)| |_)| | | | | || (_| |  ) ) ) )
  '  |____| .__|_| |_|_| |_\__, | / / / /
 =========|_|==============|___/=/_/_/_/

 :: Spring Boot ::                (v3.4.3)

2025-04-06T19:12:27.383+05:30  INFO 5352 --- [notification-service] [           main] c.c.c.ConfigServicePropertySourceLocator : Fetching config from server at : http://Vulcan.mshome.net:8888/
2025-04-06T19:12:48.855+05:30  INFO 5352 --- [notification-service] [           main] c.c.c.ConfigServicePropertySourceLocator : Located environment: name=notification-service, profiles=[default], label=null, version=e700a8a3429c109c7a61670cd9e1a3777a1a0f16, state=
2025-04-06T19:12:48.857+05:30  INFO 5352 --- [notification-service] [           main] b.c.PropertySourceBootstrapConfiguration : Located property source: [BootstrapPropertySource {name='bootstrapProperties-configClient'}, BootstrapPropertySource {name='bootstrapProperties-https://github.com/Tanmay-R-Choudhary/MSA-Project.git/Configs/notification-service.properties'}]
2025-04-06T19:12:48.898+05:30  INFO 5352 --- [notification-service] [           main] .e.n.NotificationServiceApplicationTests : No active profile set, falling back to 1 default profile: "default"
2025-04-06T19:12:50.554+05:30  INFO 5352 --- [notification-service] [           main] .s.d.r.c.RepositoryConfigurationDelegate : Bootstrapping Spring Data JPA repositories in DEFAULT mode.
2025-04-06T19:12:50.934+05:30  INFO 5352 --- [notification-service] [           main] .s.d.r.c.RepositoryConfigurationDelegate : Finished Spring Data repository scanning in 348 ms. Found 1 JPA repository interface.
2025-04-06T19:12:51.534+05:30  INFO 5352 --- [notification-service] [           main] o.s.cloud.context.scope.GenericScope     : BeanFactory id=fcff06a9-a58a-30ac-a7e2-68b4483201af
2025-04-06T19:12:52.820+05:30  INFO 5352 --- [notification-service] [           main] o.hibernate.jpa.internal.util.LogHelper  : HHH000204: Processing PersistenceUnitInfo [name: default]
2025-04-06T19:12:52.952+05:30  INFO 5352 --- [notification-service] [           main] org.hibernate.Version                    : HHH000412: Hibernate ORM core version 6.6.8.Final
2025-04-06T19:12:53.010+05:30  INFO 5352 --- [notification-service] [           main] o.h.c.internal.RegionFactoryInitiator    : HHH000026: Second-level cache disabled
2025-04-06T19:12:53.563+05:30  INFO 5352 --- [notification-service] [           main] o.s.o.j.p.SpringPersistenceUnitInfo      : No LoadTimeWeaver setup: ignoring JPA class transformer
2025-04-06T19:12:53.620+05:30  INFO 5352 --- [notification-service] [           main] com.zaxxer.hikari.HikariDataSource       : HikariPool-1 - Starting...
2025-04-06T19:12:54.184+05:30  INFO 5352 --- [notification-service] [           main] com.zaxxer.hikari.pool.HikariPool        : HikariPool-1 - Added connection com.mysql.cj.jdbc.ConnectionImpl@1eda12b3
2025-04-06T19:12:54.184+05:30  INFO 5352 --- [notification-service] [           main] com.zaxxer.hikari.HikariDataSource       : HikariPool-1 - Start completed.
2025-04-06T19:12:54.408+05:30  INFO 5352 --- [notification-service] [           main] org.hibernate.orm.connections.pooling    : HHH10001005: Database info:
	Database JDBC URL [Connecting through datasource 'HikariDataSource (HikariPool-1)']
	Database driver: undefined/unknown
	Database version: 8.0.41
	Autocommit mode: undefined/unknown
	Isolation level: undefined/unknown
	Minimum pool size: undefined/unknown
	Maximum pool size: undefined/unknown
2025-04-06T19:12:55.366+05:30  INFO 5352 --- [notification-service] [           main] o.h.e.t.j.p.i.JtaPlatformInitiator       : HHH000489: No JTA platform available (set 'hibernate.transaction.jta.platform' to enable JTA platform integration)
2025-04-06T19:12:55.407+05:30  INFO 5352 --- [notification-service] [           main] j.LocalContainerEntityManagerFactoryBean : Initialized JPA EntityManagerFactory for persistence unit 'default'
2025-04-06T19:12:56.850+05:30  WARN 5352 --- [notification-service] [           main] JpaBaseConfiguration$JpaWebConfiguration : spring.jpa.open-in-view is enabled by default. Therefore, database queries may be performed during view rendering. Explicitly configure spring.jpa.open-in-view to disable this warning
2025-04-06T19:12:56.881+05:30  INFO 5352 --- [notification-service] [           main] o.s.v.b.OptionalValidatorFactoryBean     : Failed to set up a Bean Validation provider: jakarta.validation.NoProviderFoundException: Unable to create a Configuration, because no Jakarta Bean Validation provider could be found. Add a provider like Hibernate Validator (RI) to your classpath.
2025-04-06T19:12:59.169+05:30  INFO 5352 --- [notification-service] [           main] DiscoveryClientOptionalArgsConfiguration : Eureka HTTP Client uses RestTemplate.
2025-04-06T19:12:59.312+05:30  WARN 5352 --- [notification-service] [           main] iguration$LoadBalancerCaffeineWarnLogger : Spring Cloud LoadBalancer is currently working with the default cache. While this cache implementation is useful for development and tests, it's recommended to use Caffeine cache in production.You can switch to using Caffeine cache, by adding it and org.springframework.cache.caffeine.CaffeineCacheManager to the classpath.
2025-04-06T19:12:59.350+05:30  INFO 5352 --- [notification-service] [           main] o.s.b.a.e.web.EndpointLinksResolver      : Exposing 3 endpoints beneath base path '/actuator'
2025-04-06T19:12:59.637+05:30  INFO 5352 --- [notification-service] [           main] o.s.m.s.b.SimpleBrokerMessageHandler     : Starting...
2025-04-06T19:12:59.637+05:30  INFO 5352 --- [notification-service] [           main] o.s.m.s.b.SimpleBrokerMessageHandler     : BrokerAvailabilityEvent[available=true, SimpleBrokerMessageHandler [org.springframework.messaging.simp.broker.DefaultSubscriptionRegistry@7439cf4b]]
2025-04-06T19:12:59.637+05:30  INFO 5352 --- [notification-service] [           main] o.s.m.s.b.SimpleBrokerMessageHandler     : Started.
2025-04-06T19:12:59.675+05:30  INFO 5352 --- [notification-service] [           main] o.s.c.n.eureka.InstanceInfoFactory       : Setting initial instance status as: STARTING
2025-04-06T19:12:59.758+05:30  INFO 5352 --- [notification-service] [           main] com.netflix.discovery.DiscoveryClient    : Initializing Eureka in region us-east-1
2025-04-06T19:12:59.767+05:30  INFO 5352 --- [notification-service] [           main] c.n.d.s.r.aws.ConfigClusterResolver      : Resolving eureka endpoints via configuration
2025-04-06T19:12:59.785+05:30  INFO 5352 --- [notification-service] [           main] com.netflix.discovery.DiscoveryClient    : Disable delta property : false
2025-04-06T19:12:59.785+05:30  INFO 5352 --- [notification-service] [           main] com.netflix.discovery.DiscoveryClient    : Single vip registry refresh property : null
2025-04-06T19:12:59.792+05:30  INFO 5352 --- [notification-service] [           main] com.netflix.discovery.DiscoveryClient    : Force full registry fetch : false
2025-04-06T19:12:59.792+05:30  INFO 5352 --- [notification-service] [           main] com.netflix.discovery.DiscoveryClient    : Application is null : false
2025-04-06T19:12:59.792+05:30  INFO 5352 --- [notification-service] [           main] com.netflix.discovery.DiscoveryClient    : Registered Applications size is zero : true
2025-04-06T19:12:59.792+05:30  INFO 5352 --- [notification-service] [           main] com.netflix.discovery.DiscoveryClient    : Application version is -1: true
2025-04-06T19:12:59.792+05:30  INFO 5352 --- [notification-service] [           main] com.netflix.discovery.DiscoveryClient    : Getting all instance registry info from the eureka server
2025-04-06T19:12:59.939+05:30  INFO 5352 --- [notification-service] [           main] com.netflix.discovery.DiscoveryClient    : The response status is 200
2025-04-06T19:12:59.947+05:30  INFO 5352 --- [notification-service] [           main] com.netflix.discovery.DiscoveryClient    : Starting heartbeat executor: renew interval is: 30
2025-04-06T19:12:59.951+05:30  INFO 5352 --- [notification-service] [           main] c.n.discovery.InstanceInfoReplicator     : InstanceInfoReplicator onDemand update allowed rate per min is 4
2025-04-06T19:12:59.959+05:30  INFO 5352 --- [notification-service] [           main] com.netflix.discovery.DiscoveryClient    : Discovery Client initialized at timestamp 1743946979957 with initial instances count: 1
2025-04-06T19:12:59.960+05:30  INFO 5352 --- [notification-service] [           main] o.s.c.n.e.s.EurekaServiceRegistry        : Registering application NOTIFICATION-SERVICE with eureka with status UP
2025-04-06T19:12:59.960+05:30  INFO 5352 --- [notification-service] [           main] com.netflix.discovery.DiscoveryClient    : Saw local status change event StatusChangeEvent [timestamp=1743946979960, current=UP, previous=STARTING]
2025-04-06T19:12:59.970+05:30  INFO 5352 --- [notification-service] [foReplicator-%d] com.netflix.discovery.DiscoveryClient    : DiscoveryClient_NOTIFICATION-SERVICE/Vulcan.mshome.net:notification-service:8083: registering service...
2025-04-06T19:12:59.977+05:30  INFO 5352 --- [notification-service] [           main] o.s.a.r.c.CachingConnectionFactory       : Attempting to connect to: [localhost:5672]
2025-04-06T19:13:00.119+05:30  INFO 5352 --- [notification-service] [foReplicator-%d] com.netflix.discovery.DiscoveryClient    : DiscoveryClient_NOTIFICATION-SERVICE/Vulcan.mshome.net:notification-service:8083 - registration status: 204
2025-04-06T19:13:00.161+05:30  INFO 5352 --- [notification-service] [           main] o.s.a.r.c.CachingConnectionFactory       : Created new connection: rabbitConnectionFactory#5fc3b20b:0/SimpleConnection@56f2cdb5 [delegate=amqp://guest@127.0.0.1:5672/, localPort=55769]
2025-04-06T19:13:00.382+05:30  INFO 5352 --- [notification-service] [           main] .e.n.NotificationServiceApplicationTests : Started NotificationServiceApplicationTests in 34.872 seconds (process running for 37.726)
]]></system-out>
    <system-err><![CDATA[Mockito is currently self-attaching to enable the inline-mock-maker. This will no longer work in future releases of the JDK. Please add Mockito as an agent to your build what is described in Mockito's documentation: https://javadoc.io/doc/org.mockito/mockito-core/latest/org/mockito/Mockito.html#0.3
WARNING: A Java agent has been loaded dynamically (C:\Users\tanma\.m2\repository\net\bytebuddy\byte-buddy-agent\1.15.11\byte-buddy-agent-1.15.11.jar)
WARNING: If a serviceability tool is in use, please run with -XX:+EnableDynamicAgentLoading to hide this warning
WARNING: If a serviceability tool is not in use, please run with -Djdk.instrument.traceUsage for more information
WARNING: Dynamic loading of agents will be disallowed by default in a future release
]]></system-err>
  </testcase>
</testsuite>